<?xml version="1.0" encoding="UTF-8"?>
<testng-results ignored="0" total="1" passed="1" failed="0" skipped="0">
  <reporter-output>
  </reporter-output>
  <suite started-at="2026-06-04T17:32:20 IST" name="Default suite" finished-at="2026-06-04T17:32:29 IST" duration-ms="8659">
    <groups>
    </groups>
    <test started-at="2026-06-04T17:32:20 IST" name="Default test" finished-at="2026-06-04T17:32:29 IST" duration-ms="8659">
      <class name="scripts.InvalidLogin">
        <test-method is-config="true" signature="openApp()[pri:0, instance:scripts.InvalidLogin@28701274]" started-at="2026-06-04T17:32:20 IST" name="openApp" finished-at="2026-06-04T17:32:27 IST" duration-ms="6285" status="PASS">
          <reporter-output>
          </reporter-output>
        </test-method> <!-- openApp -->
        <test-method signature="testInvalidLogin()[pri:0, instance:scripts.InvalidLogin@28701274]" started-at="2026-06-04T17:32:27 IST" name="testInvalidLogin" finished-at="2026-06-04T17:32:29 IST" duration-ms="2162" status="PASS">
          <reporter-output>
          </reporter-output>
        </test-method> <!-- testInvalidLogin -->
        <test-method is-config="true" signature="closeApp()[pri:0, instance:scripts.InvalidLogin@28701274]" started-at="2026-06-04T17:32:29 IST" name="closeApp" finished-at="2026-06-04T17:32:29 IST" duration-ms="161" status="PASS">
          <reporter-output>
          </reporter-output>
        </test-method> <!-- closeApp -->
      </class> <!-- scripts.InvalidLogin -->
    </test> <!-- Default test -->
  </suite> <!-- Default suite -->
</testng-results>
