<?xml version="1.0" encoding="UTF-8"?>
<testng-results ignored="0" total="1" passed="1" failed="0" skipped="0">
  <reporter-output>
  </reporter-output>
  <suite started-at="2026-06-04T16:56:52 IST" name="Default suite" finished-at="2026-06-04T16:57:25 IST" duration-ms="33037">
    <groups>
    </groups>
    <test started-at="2026-06-04T16:56:52 IST" name="Default test" finished-at="2026-06-04T16:57:25 IST" duration-ms="33037">
      <class name="scripts.ValidLogin">
        <test-method is-config="true" signature="openApp()[pri:0, instance:scripts.ValidLogin@393671df]" started-at="2026-06-04T16:56:52 IST" name="openApp" finished-at="2026-06-04T16:57:02 IST" duration-ms="10197" status="PASS">
          <reporter-output>
          </reporter-output>
        </test-method> <!-- openApp -->
        <test-method signature="testValidLogin()[pri:0, instance:scripts.ValidLogin@393671df]" started-at="2026-06-04T16:57:02 IST" name="testValidLogin" finished-at="2026-06-04T16:57:23 IST" duration-ms="21068" status="PASS">
          <reporter-output>
          </reporter-output>
        </test-method> <!-- testValidLogin -->
        <test-method is-config="true" signature="closeApp()[pri:0, instance:scripts.ValidLogin@393671df]" started-at="2026-06-04T16:57:23 IST" name="closeApp" finished-at="2026-06-04T16:57:25 IST" duration-ms="1735" status="PASS">
          <reporter-output>
          </reporter-output>
        </test-method> <!-- closeApp -->
      </class> <!-- scripts.ValidLogin -->
    </test> <!-- Default test -->
  </suite> <!-- Default suite -->
</testng-results>
